# JRE version: Java(TM) SE Runtime Environment (11.0.6+8) (build 11.0.6+8-LTS)
# Java VM: Java HotSpot(TM) 64-Bit Server VM (11.0.6+8-LTS, mixed mode, tiered, compressed oops, g1 gc, windows-amd64)
Heap:
 garbage-first heap   total 262144K, used 130720K [0x00000000e0000000, 0x0000000100000000)
  region size 1024K, 105 young (107520K), 11 survivors (11264K)
 Metaspace       used 62906K, capacity 64982K, committed 65276K, reserved 311296K
  class space    used 8209K, capacity 8995K, committed 9088K, reserved 253952K
GC Heap History (10 events):
Event: 7.525 GC heap before
{Heap before GC invocations=3 (full 0):
 garbage-first heap   total 262144K, used 61175K [0x00000000e0000000, 0x0000000100000000)
  region size 1024K, 55 young (56320K), 11 survivors (11264K)
 Metaspace       used 25492K, capacity 26113K, committed 26288K, reserved 278528K
  class space    used 3330K, capacity 3556K, committed 3584K, reserved 253952K
}
Event: 7.536 GC heap after
{Heap after GC invocations=4 (full 0):
 garbage-first heap   total 262144K, used 18235K [0x00000000e0000000, 0x0000000100000000)
  region size 1024K, 3 young (3072K), 3 survivors (3072K)
 Metaspace       used 25492K, capacity 26113K, committed 26288K, reserved 278528K
  class space    used 3330K, capacity 3556K, committed 3584K, reserved 253952K
}
Event: 8.739 GC heap before
{Heap before GC invocations=4 (full 0):
 garbage-first heap   total 262144K, used 76603K [0x00000000e0000000, 0x0000000100000000)
  region size 1024K, 61 young (62464K), 3 survivors (3072K)
 Metaspace       used 34928K, capacity 35646K, committed 35708K, reserved 286720K
  class space    used 4575K, capacity 4862K, committed 4864K, reserved 253952K
}
Event: 8.745 GC heap after
{Heap after GC invocations=5 (full 0):
 garbage-first heap   total 262144K, used 21373K [0x00000000e0000000, 0x0000000100000000)
  region size 1024K, 6 young (6144K), 6 survivors (6144K)
 Metaspace       used 34928K, capacity 35646K, committed 35708K, reserved 286720K
  class space    used 4575K, capacity 4862K, committed 4864K, reserved 253952K
}
Event: 10.951 GC heap before
{Heap before GC invocations=6 (full 0):
 garbage-first heap   total 262144K, used 139133K [0x00000000e0000000, 0x0000000100000000)
  region size 1024K, 118 young (120832K), 6 survivors (6144K)
 Metaspace       used 45327K, capacity 46505K, committed 46716K, reserved 294912K
  class space    used 5863K, capacity 6284K, committed 6400K, reserved 253952K
}
Event: 10.961 GC heap after
{Heap after GC invocations=7 (full 0):
 garbage-first heap   total 262144K, used 26229K [0x00000000e0000000, 0x0000000100000000)
  region size 1024K, 11 young (11264K), 11 survivors (11264K)
 Metaspace       used 45327K, capacity 46505K, committed 46716K, reserved 294912K
  class space    used 5863K, capacity 6284K, committed 6400K, reserved 253952K
}
Event: 13.523 GC heap before
{Heap before GC invocations=7 (full 0):
 garbage-first heap   total 262144K, used 170613K [0x00000000e0000000, 0x0000000100000000)
  region size 1024K, 153 young (156672K), 11 survivors (11264K)
 Metaspace       used 57887K, capacity 59552K, committed 59900K, reserved 307200K
  class space    used 7590K, capacity 8203K, committed 8320K, reserved 253952K
}
Event: 13.547 GC heap after
{Heap after GC invocations=8 (full 0):
 garbage-first heap   total 262144K, used 35849K [0x00000000e0000000, 0x0000000100000000)
  region size 1024K, 20 young (20480K), 20 survivors (20480K)
 Metaspace       used 57887K, capacity 59552K, committed 59900K, reserved 307200K
  class space    used 7590K, capacity 8203K, committed 8320K, reserved 253952K
}
Event: 13.637 GC heap before
{Heap before GC invocations=8 (full 0):
 garbage-first heap   total 262144K, used 39945K [0x00000000e0000000, 0x0000000100000000)
  region size 1024K, 25 young (25600K), 20 survivors (20480K)
 Metaspace       used 58209K, capacity 59811K, committed 59900K, reserved 307200K
  class space    used 7636K, capacity 8247K, committed 8320K, reserved 253952K
}
Event: 13.657 GC heap after
{Heap after GC invocations=9 (full 0):
 garbage-first heap   total 262144K, used 36512K [0x00000000e0000000, 0x0000000100000000)
  region size 1024K, 11 young (11264K), 11 survivors (11264K)
 Metaspace       used 58209K, capacity 59811K, committed 59900K, reserved 307200K
  class space    used 7636K, capacity 8247K, committed 8320K, reserved 253952K
}

